Added Component: Designator=JP4(XH2.54-2P)
Added Component: Designator=JP5(XH2.54-2P)
Added Component: Designator=U2(ESOP8)
Added Pin To Net: NetName=GND Pin=JP4-1
Added Pin To Net: NetName=VCC5V Pin=JP4-2
Added Pin To Net: NetName=GND Pin=JP5-1
Added Pin To Net: NetName=VCC5V Pin=JP5-2
Added Pin To Net: NetName=VIN Pin=U2-1
Added Pin To Net: NetName=NetLED1_1 Pin=U2-2
Added Pin To Net: NetName=NetR9_1 Pin=U2-3
Added Pin To Net: NetName=NetR9_1 Pin=U2-4
Added Pin To Net: NetName=NetR12_1 Pin=U2-5
Added Pin To Net: NetName=NetC7_2 Pin=U2-6
Added Pin To Net: NetName=NetL1_1 Pin=U2-7
Added Pin To Net: NetName=VCC5V Pin=U2-8
Added Pin To Net: NetName=GND Pin=U2-9
Added Member To Class: ClassName=ESP32DISPLAY Member=Component C5 22uf
Added Member To Class: ClassName=ESP32DISPLAY Member=Component JP1 HDR-1X2
Added Member To Class: ClassName=ESP32DISPLAY Member=Component JP4 HDR-1X2
Added Member To Class: ClassName=ESP32DISPLAY Member=Component JP5 HDR-1X2
Added Member To Class: ClassName=ESP32DISPLAY Member=Component R7 470
Added Member To Class: ClassName=ESP32DISPLAY Member=Component R8 12K
Added Member To Class: ClassName=ESP32DISPLAY Member=Component R9 1k
Added Member To Class: ClassName=ESP32DISPLAY Member=Component U2 IP5306
Added Room: Name=ESP32DISPLAY
