Added Component: Designator=S1(SK-22D02)
Added Pin To Net: NetName=#EN Pin=Q1-3
Added Pin To Net: NetName=#EN Pin=U1-3
Added Net: Name=#EN
Added Pin To Net: NetName=ADC Pin=R1-2
Added Pin To Net: NetName=ADC Pin=R2-1
Added Pin To Net: NetName=ADC Pin=U1-9
Added Net: Name=ADC
Added Pin To Net: NetName=BAT Pin=C2-2
Added Pin To Net: NetName=BAT Pin=C3-2
Added Pin To Net: NetName=BAT Pin=IC1-5
Added Pin To Net: NetName=BAT Pin=IC2-4
Added Pin To Net: NetName=BAT Pin=IC2-5
Added Pin To Net: NetName=BAT Pin=JP1-2
Added Pin To Net: NetName=BAT Pin=L1-2
Added Pin To Net: NetName=BAT Pin=R1-1
Added Net: Name=BAT
Added Pin To Net: NetName=CHARGING STATE Pin=R3-2
Added Pin To Net: NetName=CHARGING STATE Pin=R4-1
Added Pin To Net: NetName=CHARGING STATE Pin=U1-31
Added Net: Name=CHARGING STATE
Added Pin To Net: NetName=D_N Pin=U2-5
Added Pin To Net: NetName=D_N Pin=USB1-A7
Added Net: Name=D_N
Added Pin To Net: NetName=D_P Pin=U2-4
Added Pin To Net: NetName=D_P Pin=USB1-A6
Added Net: Name=D_P
Added Pin To Net: NetName=DTR Pin=Q2-2
Added Pin To Net: NetName=DTR Pin=R11-2
Added Pin To Net: NetName=DTR Pin=U2-28
Added Net: Name=DTR
Added Pin To Net: NetName=GND Pin=C1-1
Added Pin To Net: NetName=GND Pin=C2-1
Added Pin To Net: NetName=GND Pin=C3-1
Added Pin To Net: NetName=GND Pin=C4-1
Added Pin To Net: NetName=GND Pin=C5-1
Added Pin To Net: NetName=GND Pin=C6-1
Added Pin To Net: NetName=GND Pin=C7-1
Added Pin To Net: NetName=GND Pin=C8-1
Added Pin To Net: NetName=GND Pin=C9-1
Added Pin To Net: NetName=GND Pin=E1-2
Added Pin To Net: NetName=GND Pin=IC1-1
Added Pin To Net: NetName=GND Pin=IC1-3
Added Pin To Net: NetName=GND Pin=IC1-6
Added Pin To Net: NetName=GND Pin=IC2-2
Added Pin To Net: NetName=GND Pin=JP1-1
Added Pin To Net: NetName=GND Pin=JP2-4
Added Pin To Net: NetName=GND Pin=JP3-3
Added Pin To Net: NetName=GND Pin=R2-2
Added Pin To Net: NetName=GND Pin=R4-2
Added Pin To Net: NetName=GND Pin=R6-1
Added Pin To Net: NetName=GND Pin=R7-2
Added Pin To Net: NetName=GND Pin=R8-2
Added Pin To Net: NetName=GND Pin=R12-1
Added Pin To Net: NetName=GND Pin=R14-2
Added Pin To Net: NetName=GND Pin=SW1-2
Added Pin To Net: NetName=GND Pin=U1-1
Added Pin To Net: NetName=GND Pin=U1-15
Added Pin To Net: NetName=GND Pin=U1-38
Added Pin To Net: NetName=GND Pin=U1-39
Added Pin To Net: NetName=GND Pin=U2-3
Added Pin To Net: NetName=GND Pin=U2-29
Added Pin To Net: NetName=GND Pin=USB1-A1
Added Pin To Net: NetName=GND Pin=USB1-A12
Added Pin To Net: NetName=GND Pin=USB1-B1
Added Pin To Net: NetName=GND Pin=USB1-B12
Added Pin To Net: NetName=GND Pin=V1-1
Added Net: Name=GND
Added Pin To Net: NetName=IO0 Pin=Q2-3
Added Pin To Net: NetName=IO0 Pin=SW1-1
Added Pin To Net: NetName=IO0 Pin=U1-25
Added Net: Name=IO0
Added Pin To Net: NetName=IO2 Pin=LED2-1
Added Pin To Net: NetName=IO2 Pin=U1-24
Added Net: Name=IO2
Added Pin To Net: NetName=IO4 Pin=LED3-1
Added Pin To Net: NetName=IO4 Pin=U1-26
Added Net: Name=IO4
Added Pin To Net: NetName=IO16 Pin=JP3-2
Added Pin To Net: NetName=IO16 Pin=R15-1
Added Pin To Net: NetName=IO16 Pin=U1-27
Added Net: Name=IO16
Added Pin To Net: NetName=NetC4_2 Pin=C4-2
Added Pin To Net: NetName=NetC4_2 Pin=D1-2
Added Pin To Net: NetName=NetC4_2 Pin=F1-2
Added Pin To Net: NetName=NetC4_2 Pin=R10-2
Added Net: Name=NetC4_2
Added Pin To Net: NetName=NetC5_2 Pin=C5-2
Added Pin To Net: NetName=NetC5_2 Pin=U2-6
Added Net: Name=NetC5_2
Added Pin To Net: NetName=NetC9_2 Pin=C9-2
Added Pin To Net: NetName=NetC9_2 Pin=S1-3
Added Pin To Net: NetName=NetC9_2 Pin=V1-3
Added Net: Name=NetC9_2
Added Pin To Net: NetName=NetD1_1 Pin=D1-1
Added Pin To Net: NetName=NetD1_1 Pin=IC2-1
Added Pin To Net: NetName=NetD1_1 Pin=L1-1
Added Net: Name=NetD1_1
Added Pin To Net: NetName=NetIC1_2 Pin=IC1-2
Added Pin To Net: NetName=NetIC1_2 Pin=R6-2
Added Net: Name=NetIC1_2
Added Pin To Net: NetName=NetIC1_7 Pin=IC1-7
Added Pin To Net: NetName=NetIC1_7 Pin=LED1-2
Added Net: Name=NetIC1_7
Added Pin To Net: NetName=NetIC2_3 Pin=IC2-3
Added Pin To Net: NetName=NetIC2_3 Pin=R10-1
Added Pin To Net: NetName=NetIC2_3 Pin=R12-2
Added Net: Name=NetIC2_3
Added Pin To Net: NetName=NetLED1_1 Pin=LED1-1
Added Pin To Net: NetName=NetLED1_1 Pin=R5-2
Added Net: Name=NetLED1_1
Added Pin To Net: NetName=NetLED2_2 Pin=LED2-2
Added Pin To Net: NetName=NetLED2_2 Pin=R7-1
Added Net: Name=NetLED2_2
Added Pin To Net: NetName=NetLED3_2 Pin=LED3-2
Added Pin To Net: NetName=NetLED3_2 Pin=R8-1
Added Net: Name=NetLED3_2
Added Pin To Net: NetName=NetQ1_1 Pin=Q1-1
Added Pin To Net: NetName=NetQ1_1 Pin=R11-1
Added Net: Name=NetQ1_1
Added Pin To Net: NetName=NetQ2_1 Pin=Q2-1
Added Pin To Net: NetName=NetQ2_1 Pin=R13-1
Added Net: Name=NetQ2_1
Added Pin To Net: NetName=NetR9_1 Pin=R9-1
Added Pin To Net: NetName=NetR9_1 Pin=U2-26
Added Net: Name=NetR9_1
Added Pin To Net: NetName=NetR14_1 Pin=R14-1
Added Pin To Net: NetName=NetR14_1 Pin=USB1-A5
Added Net: Name=NetR14_1
Added Pin To Net: NetName=RTS Pin=Q1-2
Added Pin To Net: NetName=RTS Pin=R13-2
Added Pin To Net: NetName=RTS Pin=U2-24
Added Net: Name=RTS
Added Pin To Net: NetName=U0RX Pin=R9-2
Added Pin To Net: NetName=U0RX Pin=U1-34
Added Net: Name=U0RX
Added Pin To Net: NetName=U0TX Pin=U1-35
Added Pin To Net: NetName=U0TX Pin=U2-25
Added Net: Name=U0TX
Added Pin To Net: NetName=U1RX Pin=JP2-2
Added Pin To Net: NetName=U1RX Pin=U1-17
Added Net: Name=U1RX
Added Pin To Net: NetName=U1TX Pin=JP2-3
Added Pin To Net: NetName=U1TX Pin=U1-18
Added Net: Name=U1TX
Added Pin To Net: NetName=VCC3V3 Pin=C8-2
Added Pin To Net: NetName=VCC3V3 Pin=E1-1
Added Pin To Net: NetName=VCC3V3 Pin=JP3-1
Added Pin To Net: NetName=VCC3V3 Pin=R15-2
Added Pin To Net: NetName=VCC3V3 Pin=U1-2
Added Pin To Net: NetName=VCC3V3 Pin=V1-2
Added Net: Name=VCC3V3
Added Pin To Net: NetName=VCC5V Pin=C1-2
Added Pin To Net: NetName=VCC5V Pin=C6-2
Added Pin To Net: NetName=VCC5V Pin=C7-2
Added Pin To Net: NetName=VCC5V Pin=F1-1
Added Pin To Net: NetName=VCC5V Pin=IC1-4
Added Pin To Net: NetName=VCC5V Pin=IC1-8
Added Pin To Net: NetName=VCC5V Pin=JP2-1
Added Pin To Net: NetName=VCC5V Pin=R3-1
Added Pin To Net: NetName=VCC5V Pin=R5-1
Added Pin To Net: NetName=VCC5V Pin=S1-2
Added Pin To Net: NetName=VCC5V Pin=U2-7
Added Pin To Net: NetName=VCC5V Pin=U2-8
Added Pin To Net: NetName=VCC5V Pin=USB1-A4
Added Net: Name=VCC5V
Added Class: Name=ESP32DISPLAY
Added Room: Name=ESP32DISPLAY
