Removed Pin From Net: NetName=VCC5V Pin=JP?-1
Removed Pin From Net: NetName=D_P Pin=JP?-2
Removed Pin From Net: NetName=D_N Pin=JP?-3
Removed Pin From Net: NetName=GND Pin=JP?-4
Removed Pin From Net: NetName=BAT Pin=JP?-5
Removed Member From Class: ClassName=ESP32DISPLAY Member=JP?
Change Component Designator: OldDesignator=C1 NewDesignator=C8
Change Component Designator: OldDesignator=C2 NewDesignator=C9
Change Component Designator: OldDesignator=C3 NewDesignator=C5
Change Component Designator: OldDesignator=C4 NewDesignator=C6
Change Component Designator: OldDesignator=C5 NewDesignator=C7
Change Component Designator: OldDesignator=D1 NewDesignator=D2
Change Component Designator: OldDesignator=JP1 NewDesignator=JP2
Change Component Designator: OldDesignator=LED1 NewDesignator=LED2
Change Component Designator: OldDesignator=LED2 NewDesignator=LED3
Change Component Designator: OldDesignator=R5 NewDesignator=R9
Change Component Designator: OldDesignator=R6 NewDesignator=R7
Change Component Designator: OldDesignator=R7 NewDesignator=R8
Change Component Designator: OldDesignator=R8 NewDesignator=R11
Change Component Designator: OldDesignator=R9 NewDesignator=R13
Added Component: Designator=C1(C 0805_L)
Added Component: Designator=C2(C 0805_L)
Added Component: Designator=C3(C 0805_L)
Added Component: Designator=C4(C 0805_L)
Added Component: Designator=D1(SMC)
Added Component: Designator=F1(FU 1206)
Added Component: Designator=IC1(SOP8_N)
Added Component: Designator=IC2(SOT23-6N)
Added Component: Designator=JP1(XH2.54-LI-2P)
Added Component: Designator=L1(SMD,6.6x7.1x3.0mm)
Added Component: Designator=LED1(LED 0603R)
Added Component: Designator=R5(R 0603_L)
Added Component: Designator=R6(R 0603_L)
Added Component: Designator=R10(R 0603_L)
Added Component: Designator=R12(R 0603_L)
Added Component: Designator=R14(R 0603_L)
Added Component: Designator=USB1(USB-C/S_A)
Added Pin To Net: NetName=GND Pin=C1-1
Added Pin To Net: NetName=VCC5V Pin=C1-2
Added Pin To Net: NetName=GND Pin=C2-1
Added Pin To Net: NetName=BAT Pin=C2-2
Added Pin To Net: NetName=GND Pin=C3-1
Added Pin To Net: NetName=BAT Pin=C3-2
Added Pin To Net: NetName=GND Pin=C4-1
Added Pin To Net: NetName=VCC5V Pin=F1-1
Added Pin To Net: NetName=GND Pin=IC1-1
Added Pin To Net: NetName=GND Pin=IC1-3
Added Pin To Net: NetName=VCC5V Pin=IC1-4
Added Pin To Net: NetName=BAT Pin=IC1-5
Added Pin To Net: NetName=GND Pin=IC1-6
Added Pin To Net: NetName=VCC5V Pin=IC1-8
Added Pin To Net: NetName=GND Pin=IC2-2
Added Pin To Net: NetName=BAT Pin=IC2-4
Added Pin To Net: NetName=BAT Pin=IC2-5
Added Pin To Net: NetName=BAT Pin=JP1-1
Added Pin To Net: NetName=GND Pin=JP1-2
Added Pin To Net: NetName=BAT Pin=L1-2
Added Pin To Net: NetName=VCC5V Pin=R5-1
Added Pin To Net: NetName=GND Pin=R6-1
Added Pin To Net: NetName=GND Pin=R12-1
Added Pin To Net: NetName=GND Pin=R14-2
Added Pin To Net: NetName=GND Pin=USB1-A1
Added Pin To Net: NetName=VCC5V Pin=USB1-A4
Added Pin To Net: NetName=D_P Pin=USB1-A6
Added Pin To Net: NetName=D_N Pin=USB1-A7
Added Pin To Net: NetName=GND Pin=USB1-A12
Added Pin To Net: NetName=GND Pin=USB1-B1
Added Pin To Net: NetName=GND Pin=USB1-B12
Change Net Name : Old Net Name=NetC2_2 New Net Name=NetC9_2
Change Net Name : Old Net Name=NetC3_2 New Net Name=NetC5_2
Change Net Name : Old Net Name=NetLED1_2 New Net Name=NetLED2_2
Change Net Name : Old Net Name=NetLED2_2 New Net Name=NetLED3_2
Change Net Name : Old Net Name=NetR5_1 New Net Name=NetR9_1
Added Pin To Net: NetName=NetC4_2 Pin=C4-2
Added Pin To Net: NetName=NetC4_2 Pin=D1-2
Added Pin To Net: NetName=NetC4_2 Pin=F1-2
Added Pin To Net: NetName=NetC4_2 Pin=R10-2
Added Net: Name=NetC4_2
Added Pin To Net: NetName=NetD1_1 Pin=D1-1
Added Pin To Net: NetName=NetD1_1 Pin=IC2-1
Added Pin To Net: NetName=NetD1_1 Pin=L1-1
Added Net: Name=NetD1_1
Added Pin To Net: NetName=NetIC1_2 Pin=IC1-2
Added Pin To Net: NetName=NetIC1_2 Pin=R6-2
Added Net: Name=NetIC1_2
Added Pin To Net: NetName=NetIC1_7 Pin=IC1-7
Added Pin To Net: NetName=NetIC1_7 Pin=LED1-2
Added Net: Name=NetIC1_7
Added Pin To Net: NetName=NetIC2_3 Pin=IC2-3
Added Pin To Net: NetName=NetIC2_3 Pin=R10-1
Added Pin To Net: NetName=NetIC2_3 Pin=R12-2
Added Net: Name=NetIC2_3
Added Pin To Net: NetName=NetLED1_1 Pin=LED1-1
Added Pin To Net: NetName=NetLED1_1 Pin=R5-2
Added Net: Name=NetLED1_1
Added Pin To Net: NetName=NetR14_1 Pin=R14-1
Added Pin To Net: NetName=NetR14_1 Pin=USB1-A5
Added Net: Name=NetR14_1
Added Member To Class: ClassName=ESP32DISPLAY Member=Component C6 10uF
Added Member To Class: ClassName=ESP32DISPLAY Member=Component C7 104
Added Member To Class: ClassName=ESP32DISPLAY Member=Component C8 22uF
Added Member To Class: ClassName=ESP32DISPLAY Member=Component C9 22uF
Added Member To Class: ClassName=ESP32DISPLAY Member=Component D2 1N5819
Added Member To Class: ClassName=ESP32DISPLAY Member=Component F1 MSMD200-6V 0.5A
Added Member To Class: ClassName=ESP32DISPLAY Member=Component IC1 TP4056
Added Member To Class: ClassName=ESP32DISPLAY Member=Component IC2 SX1308
Added Member To Class: ClassName=ESP32DISPLAY Member=Component JP2 HDR-1X4
Added Member To Class: ClassName=ESP32DISPLAY Member=Component L1 10uH
Added Member To Class: ClassName=ESP32DISPLAY Member=Component LED3 ºìÉ«
Added Member To Class: ClassName=ESP32DISPLAY Member=Component R10 10K
Added Member To Class: ClassName=ESP32DISPLAY Member=Component R11 12K
Added Member To Class: ClassName=ESP32DISPLAY Member=Component R12 1.2K
Added Member To Class: ClassName=ESP32DISPLAY Member=Component R13 12K
Added Member To Class: ClassName=ESP32DISPLAY Member=Component R14 51K
Added Member To Class: ClassName=ESP32DISPLAY Member=Component USB1 USB-C
Added Room: Name=ESP32DISPLAY
