Removed Pin From Net: NetName=VCC5V Pin=C1-2
Removed Pin From Net: NetName=BAT Pin=C2-2
Removed Pin From Net: NetName=BAT Pin=C3-2
Removed Pin From Net: NetName=VCC5V Pin=F1-1
Removed Pin From Net: NetName=GND Pin=IC1-1
Removed Pin From Net: NetName=GND Pin=IC1-3
Removed Pin From Net: NetName=VCC5V Pin=IC1-4
Removed Pin From Net: NetName=BAT Pin=IC1-5
Removed Pin From Net: NetName=GND Pin=IC1-6
Removed Pin From Net: NetName=VCC5V Pin=IC1-8
Removed Pin From Net: NetName=GND Pin=IC2-2
Removed Pin From Net: NetName=BAT Pin=IC2-4
Removed Pin From Net: NetName=BAT Pin=IC2-5
Removed Pin From Net: NetName=VCC3V3 Pin=JP3-1
Removed Pin From Net: NetName=GND Pin=JP3-3
Removed Pin From Net: NetName=VCC5V Pin=R5-1
Removed Pin From Net: NetName=NetLED1_1 Pin=R5-2
Removed Pin From Net: NetName=GND Pin=R6-1
Removed Pin From Net: NetName=GND Pin=R12-1
Removed Pin From Net: NetName=GND Pin=R14-2
Removed Pin From Net: NetName=VCC3V3 Pin=R15-2
Removed Pin From Net: NetName=VCC5V Pin=S1-2
Removed Pin From Net: NetName=IO0 Pin=SW1-1
Removed Pin From Net: NetName=VCC5V Pin=USB1-A4
Removed Member From Class: ClassName=ESP32DISPLAY Member=D1
Removed Member From Class: ClassName=ESP32DISPLAY Member=F1
Removed Member From Class: ClassName=ESP32DISPLAY Member=IC1
Removed Member From Class: ClassName=ESP32DISPLAY Member=IC2
Removed Member From Class: ClassName=ESP32DISPLAY Member=S1
Change Component Footprint: Designator=C1 Old Footprint=C 0805_L New Footprint=C 0603
Change Component Footprint: Designator=C2 Old Footprint=C 0805_L New Footprint=C 0603
Change Component Footprint: Designator=C3 Old Footprint=C 0805_L New Footprint=C 0603
Change Component Footprint: Designator=C4 Old Footprint=C 0805_L New Footprint=C 0603
Change Component Footprint: Designator=R5 Old Footprint=R 0603_L New Footprint=R 0603
Change Component Footprint: Designator=R6 Old Footprint=R 0603_L New Footprint=R 0603
Change Component Footprint: Designator=R10 Old Footprint=R 0603_L New Footprint=R 0603
Change Component Footprint: Designator=R12 Old Footprint=R 0603_L New Footprint=R 0603
Change Component Footprint: Designator=USB1 Old Footprint=USB-C/S_A New Footprint=TYPE-C-31-M-12
Change Component Comment : Designator=R12 Old Comment=1.2K New Comment=10k
Change Component Comment : Designator=R6 Old Comment=1.2K New Comment=12K
Change Component Comment : Designator=R5 Old Comment=1K New Comment=2
Change Component Comment : Designator=R10 Old Comment=10K New Comment=470
Change Component Comment : Designator=L1 Old Comment=10uH New Comment=1uH
Change Component Comment : Designator=C1 Old Comment=22uF New Comment=10uf
Change Component Comment : Designator=C2 Old Comment=22uF New Comment=10uf
Change Component Designator: OldDesignator=C5 NewDesignator=C8
Change Component Designator: OldDesignator=C6 NewDesignator=C9
Change Component Designator: OldDesignator=C7 NewDesignator=C10
Change Component Designator: OldDesignator=C8 NewDesignator=C11
Change Component Designator: OldDesignator=C9 NewDesignator=C12
Change Component Designator: OldDesignator=JP1 NewDesignator=JP2
Change Component Designator: OldDesignator=JP2 NewDesignator=JP3
Change Component Designator: OldDesignator=R7 NewDesignator=R13
Change Component Designator: OldDesignator=R8 NewDesignator=R14
Change Component Designator: OldDesignator=R9 NewDesignator=R15
Change Component Designator: OldDesignator=R11 NewDesignator=R16
Change Component Designator: OldDesignator=R13 NewDesignator=R18
Change Component Designator: OldDesignator=U2 NewDesignator=U3
Added Component: Designator=C5(C 0603)
Added Component: Designator=C6(C 0603)
Added Component: Designator=C7(C 0603)
Added Component: Designator=JP1(PH2.0 D-W-2P)
Added Component: Designator=R7(R 0603)
Added Component: Designator=R8(R 0603)
Added Component: Designator=R9(R 0603)
Added Component: Designator=R11(R 0603)
Added Component: Designator=R17(R 0603)
Added Component: Designator=SW2(TSW SMD-3*6*2.5)
Added Pin To Net: NetName=VCC5V Pin=C3-2
Added Pin To Net: NetName=VCC5V Pin=C4-2
Added Pin To Net: NetName=GND Pin=C5-1
Added Pin To Net: NetName=VCC5V Pin=C5-2
Added Pin To Net: NetName=GND Pin=C6-1
Added Pin To Net: NetName=BAT Pin=C6-2
Added Pin To Net: NetName=GND Pin=C7-1
Added Pin To Net: NetName=VCC5V Pin=C12-2
Added Pin To Net: NetName=GND Pin=JP1-2
Added Pin To Net: NetName=GND Pin=LED1-2
Added Pin To Net: NetName=VCC3V3 Pin=LED3-1
Added Pin To Net: NetName=VCC3V3 Pin=R6-1
Added Pin To Net: NetName=#EN Pin=R6-2
Added Pin To Net: NetName=#EN Pin=R7-2
Added Pin To Net: NetName=VCC3V3 Pin=R8-1
Added Pin To Net: NetName=IO0 Pin=R8-2
Added Pin To Net: NetName=BAT Pin=R9-2
Added Pin To Net: NetName=IO0 Pin=R10-2
Added Pin To Net: NetName=BAT Pin=R11-2
Added Pin To Net: NetName=GND Pin=R17-2
Added Pin To Net: NetName=GND Pin=SW2-2
Added Pin To Net: NetName=VCC5V Pin=V1-3
Change Net Name : Old Net Name=CHARGING STATE New Net Name=CHARG
Change Net Name : Old Net Name=NetC5_2 New Net Name=NetC8_2
Change Net Name : Old Net Name=NetR9_1 New Net Name=NetR15_1
Added Pin To Net: NetName=NetC2_2 Pin=C2-2
Added Pin To Net: NetName=NetC2_2 Pin=R5-2
Added Net: Name=NetC2_2
Added Pin To Net: NetName=NetC7_2 Pin=C7-2
Added Pin To Net: NetName=NetC7_2 Pin=R11-1
Added Net: Name=NetC7_2
Added Pin To Net: NetName=NetJP1_1 Pin=JP1-1
Added Pin To Net: NetName=NetJP1_1 Pin=R12-2
Added Net: Name=NetJP1_1
Added Pin To Net: NetName=NetL1_1 Pin=L1-1
Added Net: Name=NetL1_1
Added Pin To Net: NetName=NetR7_1 Pin=R7-1
Added Pin To Net: NetName=NetR7_1 Pin=SW1-1
Added Net: Name=NetR7_1
Added Pin To Net: NetName=NetR9_1 Pin=R9-1
Added Net: Name=NetR9_1
Added Pin To Net: NetName=NetR10_1 Pin=R10-1
Added Pin To Net: NetName=NetR10_1 Pin=SW2-1
Added Net: Name=NetR10_1
Added Pin To Net: NetName=NetR12_1 Pin=R12-1
Added Net: Name=NetR12_1
Added Pin To Net: NetName=NetR17_1 Pin=R17-1
Added Pin To Net: NetName=NetR17_1 Pin=USB1-A5
Added Net: Name=NetR17_1
Added Pin To Net: NetName=VIN Pin=C1-2
Added Pin To Net: NetName=VIN Pin=R5-1
Added Pin To Net: NetName=VIN Pin=USB1-A4
Added Pin To Net: NetName=VIN Pin=USB1-B9
Added Net: Name=VIN
Added Differential Pair: Name=D
Added Member To Class: ClassName=ESP32DISPLAY Member=Component C10 104
Added Member To Class: ClassName=ESP32DISPLAY Member=Component C11 22uF
Added Member To Class: ClassName=ESP32DISPLAY Member=Component C12 22uF
Added Member To Class: ClassName=ESP32DISPLAY Member=Component R16 12K
Added Member To Class: ClassName=ESP32DISPLAY Member=Component R17 51K
Added Member To Class: ClassName=ESP32DISPLAY Member=Component R18 12K
Added Member To Class: ClassName=ESP32DISPLAY Member=Component SW2 3x6x5
Added Member To Class: ClassName=ESP32DISPLAY Member=Component U3 CP2102-GMR
Added Room: Name=ESP32DISPLAY
